{"/Users/joelpatrickdurham/alchemy/career-track/week-01/schemas/starter-code/lib/Validator.js": {"path":"/Users/joelpatrickdurham/alchemy/career-track/week-01/schemas/starter-code/lib/Validator.js","statementMap":{"0":{"start":{"line":3,"column":4},"end":{"line":3,"column":25}},"1":{"start":{"line":7,"column":8},"end":{"line":7,"column":35}},"2":{"start":{"line":8,"column":8},"end":{"line":8,"column":25}},"3":{"start":{"line":9,"column":8},"end":{"line":9,"column":33}},"4":{"start":{"line":13,"column":8},"end":{"line":13,"column":76}},"5":{"start":{"line":13,"column":54},"end":{"line":13,"column":76}},"6":{"start":{"line":14,"column":31},"end":{"line":14,"column":51}},"7":{"start":{"line":15,"column":27},"end":{"line":15,"column":65}},"8":{"start":{"line":16,"column":8},"end":{"line":16,"column":26}},"9":{"start":{"line":20,"column":22},"end":{"line":23,"column":2}},"10":{"start":{"line":25,"column":21},"end":{"line":28,"column":2}},"11":{"start":{"line":30,"column":23},"end":{"line":33,"column":2}},"12":{"start":{"line":35,"column":0},"end":{"line":39,"column":2}}},"fnMap":{"0":{"name":"(anonymous_0)","decl":{"start":{"line":6,"column":4},"end":{"line":6,"column":5}},"loc":{"start":{"line":6,"column":47},"end":{"line":10,"column":5}},"line":6},"1":{"name":"(anonymous_1)","decl":{"start":{"line":12,"column":4},"end":{"line":12,"column":5}},"loc":{"start":{"line":12,"column":21},"end":{"line":17,"column":5}},"line":12}},"branchMap":{"0":{"loc":{"start":{"line":13,"column":8},"end":{"line":13,"column":76}},"type":"if","locations":[{"start":{"line":13,"column":8},"end":{"line":13,"column":76}},{"start":{"line":13,"column":8},"end":{"line":13,"column":76}}],"line":13},"1":{"loc":{"start":{"line":13,"column":11},"end":{"line":13,"column":52}},"type":"binary-expr","locations":[{"start":{"line":13,"column":11},"end":{"line":13,"column":25}},{"start":{"line":13,"column":29},"end":{"line":13,"column":52}}],"line":13}},"s":{"0":1,"1":3,"2":3,"3":3,"4":10,"5":1,"6":9,"7":9,"8":5,"9":1,"10":1,"11":1,"12":1},"f":{"0":3,"1":10},"b":{"0":[1,9],"1":[10,3]},"_coverageSchema":"43e27e138ebf9cfc5966b082cf9a028302ed4184","hash":"6c8b09fbaf92a19187ad5402220376098a984561"}
}
